[ 2013-06-28T22:46:05+08:00 ] ERR: (ThinkException) ”…”⁄ƒø±Íº∆À„ª˙ª˝º´æ‹æ¯£¨Œﬁ∑®¡¨Ω”°£

[ 2013-06-28T22:47:05+08:00 ] 127.0.0.1 /
INFO: [ app_begin ] --START--
INFO: Run ReadHtmlCache Behavior [ RunTime:0.000565s ]
INFO: Run CheckLang Behavior [ RunTime:0.000905s ]
INFO: [ app_begin ] --END-- [ RunTime:0.001591s ]
INFO: [ view_template ] --START--
INFO: Run LocationTemplate Behavior [ RunTime:0.014098s ]
INFO: [ view_template ] --END-- [ RunTime:0.014185s ]
INFO: [ view_parse ] --START--
INFO: Run ParseTemplate Behavior [ RunTime:0.066121s ]
INFO: [ view_parse ] --END-- [ RunTime:0.066239s ]
INFO: [ view_filter ] --START--
INFO: Run ContentReplace Behavior [ RunTime:0.000845s ]
INFO: Run TokenBuild Behavior [ RunTime:0.019133s ]
INFO: Run WriteHtmlCache Behavior [ RunTime:0.002027s ]
INFO: Run ShowRuntime Behavior [ RunTime:0.031703s ]
INFO: [ view_filter ] --END-- [ RunTime:0.053975s ]
INFO: [ view_end ] --START--
INFO: Run ShowPageTrace Behavior [ RunTime:0.021983s ]
INFO: [ view_end ] --END-- [ RunTime:0.022056s ]

[ 2013-06-28T22:47:11+08:00 ] 127.0.0.1 /index.php?s=Admin/Login
INFO: [ route_check ] --START--
INFO: Run CheckRoute Behavior [ RunTime:0.000608s ]
INFO: [ route_check ] --END-- [ RunTime:0.000687s ]
INFO: [ app_begin ] --START--
INFO: Run ReadHtmlCache Behavior [ RunTime:0.000467s ]
INFO: Run CheckLang Behavior [ RunTime:0.000850s ]
INFO: [ app_begin ] --END-- [ RunTime:0.001412s ]
INFO: [ view_template ] --START--
INFO: Run LocationTemplate Behavior [ RunTime:0.017866s ]
INFO: [ view_template ] --END-- [ RunTime:0.017964s ]
INFO: [ view_parse ] --START--
INFO: Run ParseTemplate Behavior [ RunTime:0.033526s ]
INFO: [ view_parse ] --END-- [ RunTime:0.033599s ]
INFO: [ view_filter ] --START--
INFO: Run ContentReplace Behavior [ RunTime:0.000380s ]
INFO: Run TokenBuild Behavior [ RunTime:0.000388s ]
INFO: Run WriteHtmlCache Behavior [ RunTime:0.000277s ]
INFO: Run ShowRuntime Behavior [ RunTime:0.000368s ]
INFO: [ view_filter ] --END-- [ RunTime:0.001552s ]
INFO: [ view_end ] --START--
INFO: Run ShowPageTrace Behavior [ RunTime:0.000466s ]
INFO: [ view_end ] --END-- [ RunTime:0.000516s ]

[ 2013-06-28T22:47:11+08:00 ] 127.0.0.1 /index.php?s=/admin/public/verify
INFO: [ route_check ] --START--
INFO: Run CheckRoute Behavior [ RunTime:0.000623s ]
INFO: [ route_check ] --END-- [ RunTime:0.000707s ]
INFO: [ app_begin ] --START--
INFO: Run ReadHtmlCache Behavior [ RunTime:0.000430s ]
INFO: Run CheckLang Behavior [ RunTime:0.000737s ]
INFO: [ app_begin ] --END-- [ RunTime:0.001261s ]

[ 2013-06-28T22:47:31+08:00 ] 127.0.0.1 /index.php?s=Admin/Index
INFO: [ route_check ] --START--
INFO: Run CheckRoute Behavior [ RunTime:0.000796s ]
INFO: [ route_check ] --END-- [ RunTime:0.000896s ]
INFO: [ app_begin ] --START--
INFO: Run ReadHtmlCache Behavior [ RunTime:0.000527s ]
INFO: Run CheckLang Behavior [ RunTime:0.000895s ]
INFO: [ app_begin ] --END-- [ RunTime:0.001533s ]
SQL: SELECT `id`,`title` FROM `tp_node` WHERE ( `status` =1 AND `display`=1 AND `level`<>1 ) ORDER BY sort DESC [ RunTime:0.009247s ]
INFO: [ view_template ] --START--
INFO: Run LocationTemplate Behavior [ RunTime:0.013825s ]
INFO: [ view_template ] --END-- [ RunTime:0.013908s ]
INFO: [ view_parse ] --START--
INFO: Run ParseTemplate Behavior [ RunTime:0.061180s ]
INFO: [ view_parse ] --END-- [ RunTime:0.061248s ]
INFO: [ view_filter ] --START--
INFO: Run ContentReplace Behavior [ RunTime:0.000399s ]
INFO: Run TokenBuild Behavior [ RunTime:0.000334s ]
INFO: Run WriteHtmlCache Behavior [ RunTime:0.000235s ]
INFO: Run ShowRuntime Behavior [ RunTime:0.000434s ]
INFO: [ view_filter ] --END-- [ RunTime:0.001544s ]
INFO: [ view_end ] --START--
INFO: Run ShowPageTrace Behavior [ RunTime:0.000460s ]
INFO: [ view_end ] --END-- [ RunTime:0.000508s ]

[ 2013-06-28T22:47:31+08:00 ] 127.0.0.1 /index.php?s=/Admin/Index/left/id/14
INFO: [ route_check ] --START--
INFO: Run CheckRoute Behavior [ RunTime:0.000634s ]
INFO: [ route_check ] --END-- [ RunTime:0.000729s ]
INFO: [ app_begin ] --START--
INFO: Run ReadHtmlCache Behavior [ RunTime:0.000661s ]
INFO: Run CheckLang Behavior [ RunTime:0.001012s ]
INFO: [ app_begin ] --END-- [ RunTime:0.001826s ]
NOTIC: [8] Use of undefined constant intval - assumed 'intval' I:\project\show\www\Core\Lib\Action\Admin\IndexAction.class.php Á¨¨ 26 Ë°å.
SQL: SHOW COLUMNS FROM `tp_node` [ RunTime:0.003965s ]
SQL: SELECT `id`,`data`,`title` FROM `tp_node` WHERE ( `status` =1 AND `display`=2 AND `level` <>1 AND `pid`=14 ) ORDER BY sort DESC [ RunTime:0.000466s ]
SQL: SELECT `title` FROM `tp_node` WHERE ( `id` = 14 ) LIMIT 1   [ RunTime:0.000232s ]
SQL: SELECT `id`,`data`,`title` FROM `tp_node` WHERE ( `status` =1 AND `display`=2 AND `level` <>1 AND `pid`=25 ) ORDER BY sort DESC [ RunTime:0.000274s ]
NOTIC: [8] Use of undefined constant title - assumed 'title' I:\project\show\www\Core\Lib\Action\Admin\IndexAction.class.php Á¨¨ 33 Ë°å.
NOTIC: [8] Use of undefined constant id - assumed 'id' I:\project\show\www\Core\Lib\Action\Admin\IndexAction.class.php Á¨¨ 37 Ë°å.
NOTIC: [8] Use of undefined constant id - assumed 'id' I:\project\show\www\Core\Lib\Action\Admin\IndexAction.class.php Á¨¨ 37 Ë°å.
NOTIC: [8] Use of undefined constant title - assumed 'title' I:\project\show\www\Core\Lib\Action\Admin\IndexAction.class.php Á¨¨ 37 Ë°å.
INFO: [ view_template ] --START--
INFO: Run LocationTemplate Behavior [ RunTime:0.000553s ]
INFO: [ view_template ] --END-- [ RunTime:0.000607s ]
INFO: [ view_parse ] --START--
INFO: Run ParseTemplate Behavior [ RunTime:0.075156s ]
INFO: [ view_parse ] --END-- [ RunTime:0.075241s ]
INFO: [ view_filter ] --START--
INFO: Run ContentReplace Behavior [ RunTime:0.000368s ]
INFO: Run TokenBuild Behavior [ RunTime:0.000331s ]
INFO: Run WriteHtmlCache Behavior [ RunTime:0.000247s ]
INFO: Run ShowRuntime Behavior [ RunTime:0.000359s ]
INFO: [ view_filter ] --END-- [ RunTime:0.001443s ]
INFO: [ view_end ] --START--
INFO: Run ShowPageTrace Behavior [ RunTime:0.000490s ]
INFO: [ view_end ] --END-- [ RunTime:0.000540s ]

[ 2013-06-28T22:47:31+08:00 ] 127.0.0.1 /index.php?s=/Admin/Index/main
INFO: [ route_check ] --START--
INFO: Run CheckRoute Behavior [ RunTime:0.000639s ]
INFO: [ route_check ] --END-- [ RunTime:0.000718s ]
INFO: [ app_begin ] --START--
INFO: Run ReadHtmlCache Behavior [ RunTime:0.000435s ]
INFO: Run CheckLang Behavior [ RunTime:0.000729s ]
INFO: [ app_begin ] --END-- [ RunTime:0.001253s ]
INFO: [ view_template ] --START--
INFO: Run LocationTemplate Behavior [ RunTime:0.000453s ]
INFO: [ view_template ] --END-- [ RunTime:0.000522s ]
INFO: [ view_parse ] --START--
INFO: Run ParseTemplate Behavior [ RunTime:0.056331s ]
INFO: [ view_parse ] --END-- [ RunTime:0.056422s ]
INFO: [ view_filter ] --START--
INFO: Run ContentReplace Behavior [ RunTime:0.000738s ]
INFO: Run TokenBuild Behavior [ RunTime:0.000551s ]
INFO: Run WriteHtmlCache Behavior [ RunTime:0.000378s ]
INFO: Run ShowRuntime Behavior [ RunTime:0.000487s ]
INFO: [ view_filter ] --END-- [ RunTime:0.002364s ]
INFO: [ view_end ] --START--
INFO: Run ShowPageTrace Behavior [ RunTime:0.000802s ]
INFO: [ view_end ] --END-- [ RunTime:0.000903s ]

[ 2013-06-28T22:47:33+08:00 ] 127.0.0.1 /index.php?s=/Admin/Index/left/id/18
INFO: [ route_check ] --START--
INFO: Run CheckRoute Behavior [ RunTime:0.000639s ]
INFO: [ route_check ] --END-- [ RunTime:0.000725s ]
INFO: [ app_begin ] --START--
INFO: Run ReadHtmlCache Behavior [ RunTime:0.000425s ]
INFO: Run CheckLang Behavior [ RunTime:0.000876s ]
INFO: [ app_begin ] --END-- [ RunTime:0.001412s ]
NOTIC: [8] Use of undefined constant intval - assumed 'intval' I:\project\show\www\Core\Lib\Action\Admin\IndexAction.class.php Á¨¨ 26 Ë°å.
SQL: SHOW COLUMNS FROM `tp_node` [ RunTime:0.003850s ]
SQL: SELECT `id`,`data`,`title` FROM `tp_node` WHERE ( `status` =1 AND `display`=2 AND `level` <>1 AND `pid`=18 ) ORDER BY sort DESC [ RunTime:0.000447s ]
SQL: SELECT `title` FROM `tp_node` WHERE ( `id` = 18 ) LIMIT 1   [ RunTime:0.000179s ]
SQL: SELECT `id`,`data`,`title` FROM `tp_node` WHERE ( `status` =1 AND `display`=2 AND `level` <>1 AND `pid`=21 ) ORDER BY sort DESC [ RunTime:0.000370s ]
NOTIC: [8] Use of undefined constant title - assumed 'title' I:\project\show\www\Core\Lib\Action\Admin\IndexAction.class.php Á¨¨ 33 Ë°å.
NOTIC: [8] Use of undefined constant id - assumed 'id' I:\project\show\www\Core\Lib\Action\Admin\IndexAction.class.php Á¨¨ 37 Ë°å.
NOTIC: [8] Use of undefined constant id - assumed 'id' I:\project\show\www\Core\Lib\Action\Admin\IndexAction.class.php Á¨¨ 37 Ë°å.
NOTIC: [8] Use of undefined constant title - assumed 'title' I:\project\show\www\Core\Lib\Action\Admin\IndexAction.class.php Á¨¨ 37 Ë°å.
NOTIC: [8] Use of undefined constant id - assumed 'id' I:\project\show\www\Core\Lib\Action\Admin\IndexAction.class.php Á¨¨ 37 Ë°å.
NOTIC: [8] Use of undefined constant id - assumed 'id' I:\project\show\www\Core\Lib\Action\Admin\IndexAction.class.php Á¨¨ 37 Ë°å.
NOTIC: [8] Use of undefined constant title - assumed 'title' I:\project\show\www\Core\Lib\Action\Admin\IndexAction.class.php Á¨¨ 37 Ë°å.
INFO: [ view_template ] --START--
INFO: Run LocationTemplate Behavior [ RunTime:0.000593s ]
INFO: [ view_template ] --END-- [ RunTime:0.000647s ]
INFO: [ view_parse ] --START--
INFO: Run ParseTemplate Behavior [ RunTime:0.005634s ]
INFO: [ view_parse ] --END-- [ RunTime:0.005703s ]
INFO: [ view_filter ] --START--
INFO: Run ContentReplace Behavior [ RunTime:0.000336s ]
INFO: Run TokenBuild Behavior [ RunTime:0.000326s ]
INFO: Run WriteHtmlCache Behavior [ RunTime:0.000233s ]
INFO: Run ShowRuntime Behavior [ RunTime:0.000374s ]
INFO: [ view_filter ] --END-- [ RunTime:0.001406s ]
INFO: [ view_end ] --START--
INFO: Run ShowPageTrace Behavior [ RunTime:0.000453s ]
INFO: [ view_end ] --END-- [ RunTime:0.000503s ]

[ 2013-06-28T22:47:34+08:00 ] 127.0.0.1 /index.php?s=/Admin/Index/left/id/53
INFO: [ route_check ] --START--
INFO: Run CheckRoute Behavior [ RunTime:0.000605s ]
INFO: [ route_check ] --END-- [ RunTime:0.000684s ]
INFO: [ app_begin ] --START--
INFO: Run ReadHtmlCache Behavior [ RunTime:0.000462s ]
INFO: Run CheckLang Behavior [ RunTime:0.000741s ]
INFO: [ app_begin ] --END-- [ RunTime:0.001307s ]
NOTIC: [8] Use of undefined constant intval - assumed 'intval' I:\project\show\www\Core\Lib\Action\Admin\IndexAction.class.php Á¨¨ 26 Ë°å.
SQL: SHOW COLUMNS FROM `tp_node` [ RunTime:0.003629s ]
SQL: SELECT `id`,`data`,`title` FROM `tp_node` WHERE ( `status` =1 AND `display`=2 AND `level` <>1 AND `pid`=53 ) ORDER BY sort DESC [ RunTime:0.000499s ]
SQL: SELECT `title` FROM `tp_node` WHERE ( `id` = 53 ) LIMIT 1   [ RunTime:0.000183s ]
SQL: SELECT `id`,`data`,`title` FROM `tp_node` WHERE ( `status` =1 AND `display`=2 AND `level` <>1 AND `pid`=54 ) ORDER BY sort DESC [ RunTime:0.000268s ]
NOTIC: [8] Use of undefined constant title - assumed 'title' I:\project\show\www\Core\Lib\Action\Admin\IndexAction.class.php Á¨¨ 33 Ë°å.
NOTIC: [8] Use of undefined constant id - assumed 'id' I:\project\show\www\Core\Lib\Action\Admin\IndexAction.class.php Á¨¨ 37 Ë°å.
NOTIC: [8] Use of undefined constant id - assumed 'id' I:\project\show\www\Core\Lib\Action\Admin\IndexAction.class.php Á¨¨ 37 Ë°å.
NOTIC: [8] Use of undefined constant title - assumed 'title' I:\project\show\www\Core\Lib\Action\Admin\IndexAction.class.php Á¨¨ 37 Ë°å.
NOTIC: [8] Use of undefined constant id - assumed 'id' I:\project\show\www\Core\Lib\Action\Admin\IndexAction.class.php Á¨¨ 37 Ë°å.
NOTIC: [8] Use of undefined constant id - assumed 'id' I:\project\show\www\Core\Lib\Action\Admin\IndexAction.class.php Á¨¨ 37 Ë°å.
NOTIC: [8] Use of undefined constant title - assumed 'title' I:\project\show\www\Core\Lib\Action\Admin\IndexAction.class.php Á¨¨ 37 Ë°å.
INFO: [ view_template ] --START--
INFO: Run LocationTemplate Behavior [ RunTime:0.000560s ]
INFO: [ view_template ] --END-- [ RunTime:0.000619s ]
INFO: [ view_parse ] --START--
INFO: Run ParseTemplate Behavior [ RunTime:0.005561s ]
INFO: [ view_parse ] --END-- [ RunTime:0.005632s ]
INFO: [ view_filter ] --START--
INFO: Run ContentReplace Behavior [ RunTime:0.000326s ]
INFO: Run TokenBuild Behavior [ RunTime:0.000405s ]
INFO: Run WriteHtmlCache Behavior [ RunTime:0.000269s ]
INFO: Run ShowRuntime Behavior [ RunTime:0.000376s ]
INFO: [ view_filter ] --END-- [ RunTime:0.001519s ]
INFO: [ view_end ] --START--
INFO: Run ShowPageTrace Behavior [ RunTime:0.000546s ]
INFO: [ view_end ] --END-- [ RunTime:0.000599s ]

[ 2013-06-28T22:47:35+08:00 ] 127.0.0.1 /index.php?s=/Admin/Expo/index
INFO: [ route_check ] --START--
INFO: Run CheckRoute Behavior [ RunTime:0.000632s ]
INFO: [ route_check ] --END-- [ RunTime:0.000720s ]
INFO: [ app_begin ] --START--
INFO: Run ReadHtmlCache Behavior [ RunTime:0.000424s ]
INFO: Run CheckLang Behavior [ RunTime:0.000813s ]
INFO: [ app_begin ] --END-- [ RunTime:0.001336s ]
SQL: SHOW COLUMNS FROM `tp_expo` [ RunTime:0.060793s ]
SQL: SELECT `id`,`name` FROM `tp_expo`  [ RunTime:0.000361s ]
SQL: SHOW COLUMNS FROM `tp_expo` [ RunTime:0.003796s ]
SQL: SELECT COUNT(*) AS tp_count FROM `tp_expo` LIMIT 1   [ RunTime:0.027000s ]
SQL: SELECT * FROM `tp_expo` ORDER BY start DESC LIMIT 0,15   [ RunTime:0.000423s ]
NOTIC: [8] Undefined index: s I:\project\show\www\Core\Lib\Action\Admin\ExpoAction.class.php Á¨¨ 29 Ë°å.
INFO: [ view_template ] --START--
INFO: Run LocationTemplate Behavior [ RunTime:0.000562s ]
INFO: [ view_template ] --END-- [ RunTime:0.000618s ]
INFO: [ view_parse ] --START--
NOTIC: [8] Undefined variable: vo I:\project\show\www\Temp\Cache\Admin\fe70ad21c962f59e48be6203bc84812f.php Á¨¨ 64 Ë°å.
NOTIC: [8] Undefined variable: nowPage I:\project\show\www\Temp\Cache\Admin\fe70ad21c962f59e48be6203bc84812f.php Á¨¨ 64 Ë°å.
NOTIC: [8] Undefined index: username I:\project\show\www\Temp\Cache\Admin\fe70ad21c962f59e48be6203bc84812f.php Á¨¨ 102 Ë°å.
NOTIC: [8] Undefined index: username I:\project\show\www\Temp\Cache\Admin\fe70ad21c962f59e48be6203bc84812f.php Á¨¨ 102 Ë°å.
NOTIC: [8] Undefined index: username I:\project\show\www\Temp\Cache\Admin\fe70ad21c962f59e48be6203bc84812f.php Á¨¨ 102 Ë°å.
INFO: Run ParseTemplate Behavior [ RunTime:0.032877s ]
INFO: [ view_parse ] --END-- [ RunTime:0.032938s ]
INFO: [ view_filter ] --START--
INFO: Run ContentReplace Behavior [ RunTime:0.000382s ]
INFO: Run TokenBuild Behavior [ RunTime:0.000390s ]
INFO: Run WriteHtmlCache Behavior [ RunTime:0.000245s ]
INFO: Run ShowRuntime Behavior [ RunTime:0.000369s ]
INFO: [ view_filter ] --END-- [ RunTime:0.001532s ]
INFO: [ view_end ] --START--
INFO: Run ShowPageTrace Behavior [ RunTime:0.000482s ]
INFO: [ view_end ] --END-- [ RunTime:0.000531s ]

[ 2013-06-28T22:47:42+08:00 ] 127.0.0.1 /index.php?s=/Admin/Company/index/eid/4
INFO: [ route_check ] --START--
INFO: Run CheckRoute Behavior [ RunTime:0.000659s ]
INFO: [ route_check ] --END-- [ RunTime:0.000743s ]
INFO: [ app_begin ] --START--
INFO: Run ReadHtmlCache Behavior [ RunTime:0.000430s ]
INFO: Run CheckLang Behavior [ RunTime:0.000735s ]
INFO: [ app_begin ] --END-- [ RunTime:0.001267s ]
SQL: SHOW COLUMNS FROM `tp_expo` [ RunTime:0.003698s ]
SQL: SELECT `name` FROM `tp_expo` WHERE ( id=4 ) LIMIT 1   [ RunTime:0.000371s ]
SQL: SHOW COLUMNS FROM `tp_company` [ RunTime:0.013820s ]
SQL: SELECT COUNT(*) AS tp_count FROM `tp_company` WHERE ( eid=4 ) LIMIT 1   [ RunTime:0.001694s ]
SQL: SELECT * FROM `tp_company` WHERE ( eid=4 ) ORDER BY id ASC LIMIT 0,15   [ RunTime:0.000496s ]
NOTIC: [8] Undefined index: s I:\project\show\www\Core\Lib\Action\Admin\CompanyAction.class.php Á¨¨ 41 Ë°å.
INFO: [ view_template ] --START--
INFO: Run LocationTemplate Behavior [ RunTime:0.000669s ]
INFO: [ view_template ] --END-- [ RunTime:0.000753s ]
INFO: [ view_parse ] --START--
NOTIC: [8] Undefined index: username I:\project\show\www\Temp\Cache\Admin\e442b9058af050a648228df339415794.php Á¨¨ 90 Ë°å.
NOTIC: [8] Undefined index: username I:\project\show\www\Temp\Cache\Admin\e442b9058af050a648228df339415794.php Á¨¨ 90 Ë°å.
NOTIC: [8] Undefined index: username I:\project\show\www\Temp\Cache\Admin\e442b9058af050a648228df339415794.php Á¨¨ 90 Ë°å.
INFO: Run ParseTemplate Behavior [ RunTime:0.013579s ]
INFO: [ view_parse ] --END-- [ RunTime:0.013649s ]
INFO: [ view_filter ] --START--
INFO: Run ContentReplace Behavior [ RunTime:0.000439s ]
INFO: Run TokenBuild Behavior [ RunTime:0.000424s ]
INFO: Run WriteHtmlCache Behavior [ RunTime:0.000286s ]
INFO: Run ShowRuntime Behavior [ RunTime:0.000462s ]
INFO: [ view_filter ] --END-- [ RunTime:0.001778s ]
INFO: [ view_end ] --START--
INFO: Run ShowPageTrace Behavior [ RunTime:0.000581s ]
INFO: [ view_end ] --END-- [ RunTime:0.000641s ]

[ 2013-06-28T22:47:43+08:00 ] 127.0.0.1 /index.php?s=/Admin/Company/view/id/170
INFO: [ route_check ] --START--
INFO: Run CheckRoute Behavior [ RunTime:0.000772s ]
INFO: [ route_check ] --END-- [ RunTime:0.000874s ]
INFO: [ app_begin ] --START--
INFO: Run ReadHtmlCache Behavior [ RunTime:0.000469s ]
INFO: Run CheckLang Behavior [ RunTime:0.000743s ]
INFO: [ app_begin ] --END-- [ RunTime:0.001309s ]
SQL: SHOW COLUMNS FROM `tp_company` [ RunTime:0.003839s ]
SQL: SELECT * FROM `tp_company` WHERE ( `id` = 170 ) LIMIT 1   [ RunTime:0.000386s ]
SQL: SHOW COLUMNS FROM `tp_expo` [ RunTime:0.004282s ]
SQL: SELECT `name` FROM `tp_expo` WHERE ( id=4 ) LIMIT 1   [ RunTime:0.000303s ]
INFO: [ view_template ] --START--
INFO: Run LocationTemplate Behavior [ RunTime:0.000611s ]
INFO: [ view_template ] --END-- [ RunTime:0.000668s ]
INFO: [ view_parse ] --START--
INFO: Run ParseTemplate Behavior [ RunTime:0.025702s ]
INFO: [ view_parse ] --END-- [ RunTime:0.025775s ]
INFO: [ view_filter ] --START--
INFO: Run ContentReplace Behavior [ RunTime:0.000329s ]
INFO: Run TokenBuild Behavior [ RunTime:0.000338s ]
INFO: Run WriteHtmlCache Behavior [ RunTime:0.000256s ]
INFO: Run ShowRuntime Behavior [ RunTime:0.000363s ]
INFO: [ view_filter ] --END-- [ RunTime:0.001422s ]
INFO: [ view_end ] --START--
INFO: Run ShowPageTrace Behavior [ RunTime:0.000488s ]
INFO: [ view_end ] --END-- [ RunTime:0.000536s ]

[ 2013-06-28T22:47:47+08:00 ] 127.0.0.1 /index.php?s=/Admin/Company/view/id/171
INFO: [ route_check ] --START--
INFO: Run CheckRoute Behavior [ RunTime:0.000628s ]
INFO: [ route_check ] --END-- [ RunTime:0.000711s ]
INFO: [ app_begin ] --START--
INFO: Run ReadHtmlCache Behavior [ RunTime:0.000423s ]
INFO: Run CheckLang Behavior [ RunTime:0.000725s ]
INFO: [ app_begin ] --END-- [ RunTime:0.001237s ]
SQL: SHOW COLUMNS FROM `tp_company` [ RunTime:0.004113s ]
SQL: SELECT * FROM `tp_company` WHERE ( `id` = 171 ) LIMIT 1   [ RunTime:0.000388s ]
SQL: SHOW COLUMNS FROM `tp_expo` [ RunTime:0.003746s ]
SQL: SELECT `name` FROM `tp_expo` WHERE ( id=4 ) LIMIT 1   [ RunTime:0.000279s ]
INFO: [ view_template ] --START--
INFO: Run LocationTemplate Behavior [ RunTime:0.000552s ]
INFO: [ view_template ] --END-- [ RunTime:0.000606s ]
INFO: [ view_parse ] --START--
INFO: Run ParseTemplate Behavior [ RunTime:0.006778s ]
INFO: [ view_parse ] --END-- [ RunTime:0.006855s ]
INFO: [ view_filter ] --START--
INFO: Run ContentReplace Behavior [ RunTime:0.000333s ]
INFO: Run TokenBuild Behavior [ RunTime:0.000342s ]
INFO: Run WriteHtmlCache Behavior [ RunTime:0.000237s ]
INFO: Run ShowRuntime Behavior [ RunTime:0.000363s ]
INFO: [ view_filter ] --END-- [ RunTime:0.001427s ]
INFO: [ view_end ] --START--
INFO: Run ShowPageTrace Behavior [ RunTime:0.000617s ]
INFO: [ view_end ] --END-- [ RunTime:0.000667s ]

[ 2013-06-28T23:33:15+08:00 ] 127.0.0.1 /index.php?s=/Admin/Company/view/id/170
INFO: [ route_check ] --START--
INFO: Run CheckRoute Behavior [ RunTime:0.000981s ]
INFO: [ route_check ] --END-- [ RunTime:0.001081s ]
INFO: [ app_begin ] --START--
INFO: Run ReadHtmlCache Behavior [ RunTime:0.000648s ]
INFO: Run CheckLang Behavior [ RunTime:0.001199s ]
INFO: [ app_begin ] --END-- [ RunTime:0.001970s ]
SQL: SHOW COLUMNS FROM `tp_company` [ RunTime:0.004892s ]
SQL: SELECT * FROM `tp_company` WHERE ( `id` = 170 ) LIMIT 1   [ RunTime:0.000472s ]
SQL: SHOW COLUMNS FROM `tp_expo` [ RunTime:0.007088s ]
SQL: SELECT `name` FROM `tp_expo` WHERE ( id=4 ) LIMIT 1   [ RunTime:0.000374s ]
INFO: [ view_template ] --START--
INFO: Run LocationTemplate Behavior [ RunTime:0.000884s ]
INFO: [ view_template ] --END-- [ RunTime:0.000942s ]
INFO: [ view_parse ] --START--
INFO: Run ParseTemplate Behavior [ RunTime:0.007788s ]
INFO: [ view_parse ] --END-- [ RunTime:0.007866s ]
INFO: [ view_filter ] --START--
INFO: Run ContentReplace Behavior [ RunTime:0.000439s ]
INFO: Run TokenBuild Behavior [ RunTime:0.000421s ]
INFO: Run WriteHtmlCache Behavior [ RunTime:0.000320s ]
INFO: Run ShowRuntime Behavior [ RunTime:0.000465s ]
INFO: [ view_filter ] --END-- [ RunTime:0.001785s ]
INFO: [ view_end ] --START--
INFO: Run ShowPageTrace Behavior [ RunTime:0.000566s ]
INFO: [ view_end ] --END-- [ RunTime:0.000615s ]

[ 2013-06-28T23:33:19+08:00 ] 127.0.0.1 /index.php?s=/Admin/Expo/index
INFO: [ route_check ] --START--
INFO: Run CheckRoute Behavior [ RunTime:0.000626s ]
INFO: [ route_check ] --END-- [ RunTime:0.000709s ]
INFO: [ app_begin ] --START--
INFO: Run ReadHtmlCache Behavior [ RunTime:0.000438s ]
INFO: Run CheckLang Behavior [ RunTime:0.000780s ]
INFO: [ app_begin ] --END-- [ RunTime:0.001311s ]
SQL: SHOW COLUMNS FROM `tp_expo` [ RunTime:0.004208s ]
SQL: SELECT `id`,`name` FROM `tp_expo`  [ RunTime:0.000345s ]
SQL: SHOW COLUMNS FROM `tp_expo` [ RunTime:0.003951s ]
SQL: SELECT COUNT(*) AS tp_count FROM `tp_expo` LIMIT 1   [ RunTime:0.000215s ]
SQL: SELECT * FROM `tp_expo` ORDER BY start DESC LIMIT 0,15   [ RunTime:0.000300s ]
NOTIC: [8] Undefined index: s I:\project\show\www\Core\Lib\Action\Admin\ExpoAction.class.php Á¨¨ 29 Ë°å.
INFO: [ view_template ] --START--
INFO: Run LocationTemplate Behavior [ RunTime:0.000552s ]
INFO: [ view_template ] --END-- [ RunTime:0.000606s ]
INFO: [ view_parse ] --START--
NOTIC: [8] Undefined variable: vo I:\project\show\www\Temp\Cache\Admin\fe70ad21c962f59e48be6203bc84812f.php Á¨¨ 64 Ë°å.
NOTIC: [8] Undefined variable: nowPage I:\project\show\www\Temp\Cache\Admin\fe70ad21c962f59e48be6203bc84812f.php Á¨¨ 64 Ë°å.
NOTIC: [8] Undefined index: username I:\project\show\www\Temp\Cache\Admin\fe70ad21c962f59e48be6203bc84812f.php Á¨¨ 102 Ë°å.
NOTIC: [8] Undefined index: username I:\project\show\www\Temp\Cache\Admin\fe70ad21c962f59e48be6203bc84812f.php Á¨¨ 102 Ë°å.
NOTIC: [8] Undefined index: username I:\project\show\www\Temp\Cache\Admin\fe70ad21c962f59e48be6203bc84812f.php Á¨¨ 102 Ë°å.
INFO: Run ParseTemplate Behavior [ RunTime:0.010663s ]
INFO: [ view_parse ] --END-- [ RunTime:0.010723s ]
INFO: [ view_filter ] --START--
INFO: Run ContentReplace Behavior [ RunTime:0.000373s ]
INFO: Run TokenBuild Behavior [ RunTime:0.000399s ]
INFO: Run WriteHtmlCache Behavior [ RunTime:0.000241s ]
INFO: Run ShowRuntime Behavior [ RunTime:0.000368s ]
INFO: [ view_filter ] --END-- [ RunTime:0.001516s ]
INFO: [ view_end ] --START--
INFO: Run ShowPageTrace Behavior [ RunTime:0.000550s ]
INFO: [ view_end ] --END-- [ RunTime:0.000599s ]

[ 2013-06-28T23:33:21+08:00 ] 127.0.0.1 /index.php?s=/Admin/Company/index/eid/4
INFO: [ route_check ] --START--
INFO: Run CheckRoute Behavior [ RunTime:0.000638s ]
INFO: [ route_check ] --END-- [ RunTime:0.000718s ]
INFO: [ app_begin ] --START--
INFO: Run ReadHtmlCache Behavior [ RunTime:0.000430s ]
INFO: Run CheckLang Behavior [ RunTime:0.000756s ]
INFO: [ app_begin ] --END-- [ RunTime:0.001280s ]
SQL: SHOW COLUMNS FROM `tp_expo` [ RunTime:0.004376s ]
SQL: SELECT `name` FROM `tp_expo` WHERE ( id=4 ) LIMIT 1   [ RunTime:0.000380s ]
SQL: SHOW COLUMNS FROM `tp_company` [ RunTime:0.004032s ]
SQL: SELECT COUNT(*) AS tp_count FROM `tp_company` WHERE ( eid=4 ) LIMIT 1   [ RunTime:0.000305s ]
SQL: SELECT * FROM `tp_company` WHERE ( eid=4 ) ORDER BY id ASC LIMIT 0,15   [ RunTime:0.000401s ]
NOTIC: [8] Undefined index: s I:\project\show\www\Core\Lib\Action\Admin\CompanyAction.class.php Á¨¨ 41 Ë°å.
INFO: [ view_template ] --START--
INFO: Run LocationTemplate Behavior [ RunTime:0.000731s ]
INFO: [ view_template ] --END-- [ RunTime:0.000855s ]
INFO: [ view_parse ] --START--
NOTIC: [8] Undefined index: username I:\project\show\www\Temp\Cache\Admin\e442b9058af050a648228df339415794.php Á¨¨ 90 Ë°å.
NOTIC: [8] Undefined index: username I:\project\show\www\Temp\Cache\Admin\e442b9058af050a648228df339415794.php Á¨¨ 90 Ë°å.
NOTIC: [8] Undefined index: username I:\project\show\www\Temp\Cache\Admin\e442b9058af050a648228df339415794.php Á¨¨ 90 Ë°å.
INFO: Run ParseTemplate Behavior [ RunTime:0.010649s ]
INFO: [ view_parse ] --END-- [ RunTime:0.010709s ]
INFO: [ view_filter ] --START--
INFO: Run ContentReplace Behavior [ RunTime:0.000504s ]
INFO: Run TokenBuild Behavior [ RunTime:0.000360s ]
INFO: Run WriteHtmlCache Behavior [ RunTime:0.000244s ]
INFO: Run ShowRuntime Behavior [ RunTime:0.000378s ]
INFO: [ view_filter ] --END-- [ RunTime:0.001627s ]
INFO: [ view_end ] --START--
INFO: Run ShowPageTrace Behavior [ RunTime:0.000488s ]
INFO: [ view_end ] --END-- [ RunTime:0.000537s ]

[ 2013-06-28T23:33:24+08:00 ] 127.0.0.1 /index.php?s=/Admin/Company/index/eid/3
INFO: [ route_check ] --START--
INFO: Run CheckRoute Behavior [ RunTime:0.000616s ]
INFO: [ route_check ] --END-- [ RunTime:0.000697s ]
INFO: [ app_begin ] --START--
INFO: Run ReadHtmlCache Behavior [ RunTime:0.000458s ]
INFO: Run CheckLang Behavior [ RunTime:0.000737s ]
INFO: [ app_begin ] --END-- [ RunTime:0.001291s ]
SQL: SHOW COLUMNS FROM `tp_expo` [ RunTime:0.003920s ]
SQL: SELECT `name` FROM `tp_expo` WHERE ( id=3 ) LIMIT 1   [ RunTime:0.000311s ]
SQL: SHOW COLUMNS FROM `tp_company` [ RunTime:0.004147s ]
SQL: SELECT COUNT(*) AS tp_count FROM `tp_company` WHERE ( eid=3 ) LIMIT 1   [ RunTime:0.000337s ]
SQL: SELECT * FROM `tp_company` WHERE ( eid=3 ) ORDER BY id ASC LIMIT 0,15   [ RunTime:0.000347s ]
NOTIC: [8] Undefined index: s I:\project\show\www\Core\Lib\Action\Admin\CompanyAction.class.php Á¨¨ 41 Ë°å.
INFO: [ view_template ] --START--
INFO: Run LocationTemplate Behavior [ RunTime:0.000522s ]
INFO: [ view_template ] --END-- [ RunTime:0.000590s ]
INFO: [ view_parse ] --START--
NOTIC: [8] Undefined index: username I:\project\show\www\Temp\Cache\Admin\e442b9058af050a648228df339415794.php Á¨¨ 90 Ë°å.
NOTIC: [8] Undefined index: username I:\project\show\www\Temp\Cache\Admin\e442b9058af050a648228df339415794.php Á¨¨ 90 Ë°å.
NOTIC: [8] Undefined index: username I:\project\show\www\Temp\Cache\Admin\e442b9058af050a648228df339415794.php Á¨¨ 90 Ë°å.
INFO: Run ParseTemplate Behavior [ RunTime:0.010746s ]
INFO: [ view_parse ] --END-- [ RunTime:0.010814s ]
INFO: [ view_filter ] --START--
INFO: Run ContentReplace Behavior [ RunTime:0.000414s ]
INFO: Run TokenBuild Behavior [ RunTime:0.000345s ]
INFO: Run WriteHtmlCache Behavior [ RunTime:0.000233s ]
INFO: Run ShowRuntime Behavior [ RunTime:0.000417s ]
INFO: [ view_filter ] --END-- [ RunTime:0.001550s ]
INFO: [ view_end ] --START--
INFO: Run ShowPageTrace Behavior [ RunTime:0.000488s ]
INFO: [ view_end ] --END-- [ RunTime:0.000537s ]

[ 2013-06-28T23:33:27+08:00 ] 127.0.0.1 /index.php?s=/Admin/Company/index/eid/4
INFO: [ route_check ] --START--
INFO: Run CheckRoute Behavior [ RunTime:0.000624s ]
INFO: [ route_check ] --END-- [ RunTime:0.000704s ]
INFO: [ app_begin ] --START--
INFO: Run ReadHtmlCache Behavior [ RunTime:0.000430s ]
INFO: Run CheckLang Behavior [ RunTime:0.000742s ]
INFO: [ app_begin ] --END-- [ RunTime:0.001262s ]
SQL: SHOW COLUMNS FROM `tp_expo` [ RunTime:0.003974s ]
SQL: SELECT `name` FROM `tp_expo` WHERE ( id=4 ) LIMIT 1   [ RunTime:0.000296s ]
SQL: SHOW COLUMNS FROM `tp_company` [ RunTime:0.003903s ]
SQL: SELECT COUNT(*) AS tp_count FROM `tp_company` WHERE ( eid=4 ) LIMIT 1   [ RunTime:0.000296s ]
SQL: SELECT * FROM `tp_company` WHERE ( eid=4 ) ORDER BY id ASC LIMIT 0,15   [ RunTime:0.000346s ]
NOTIC: [8] Undefined index: s I:\project\show\www\Core\Lib\Action\Admin\CompanyAction.class.php Á¨¨ 41 Ë°å.
INFO: [ view_template ] --START--
INFO: Run LocationTemplate Behavior [ RunTime:0.000577s ]
INFO: [ view_template ] --END-- [ RunTime:0.000648s ]
INFO: [ view_parse ] --START--
NOTIC: [8] Undefined index: username I:\project\show\www\Temp\Cache\Admin\e442b9058af050a648228df339415794.php Á¨¨ 90 Ë°å.
NOTIC: [8] Undefined index: username I:\project\show\www\Temp\Cache\Admin\e442b9058af050a648228df339415794.php Á¨¨ 90 Ë°å.
NOTIC: [8] Undefined index: username I:\project\show\www\Temp\Cache\Admin\e442b9058af050a648228df339415794.php Á¨¨ 90 Ë°å.
INFO: Run ParseTemplate Behavior [ RunTime:0.010587s ]
INFO: [ view_parse ] --END-- [ RunTime:0.010646s ]
INFO: [ view_filter ] --START--
INFO: Run ContentReplace Behavior [ RunTime:0.000358s ]
INFO: Run TokenBuild Behavior [ RunTime:0.000344s ]
INFO: Run WriteHtmlCache Behavior [ RunTime:0.000266s ]
INFO: Run ShowRuntime Behavior [ RunTime:0.000382s ]
INFO: [ view_filter ] --END-- [ RunTime:0.001579s ]
INFO: [ view_end ] --START--
INFO: Run ShowPageTrace Behavior [ RunTime:0.000486s ]
INFO: [ view_end ] --END-- [ RunTime:0.000535s ]

[ 2013-06-28T23:33:30+08:00 ] 127.0.0.1 /index.php?s=/Admin/Company/index/eid/1
INFO: [ route_check ] --START--
INFO: Run CheckRoute Behavior [ RunTime:0.000606s ]
INFO: [ route_check ] --END-- [ RunTime:0.000687s ]
INFO: [ app_begin ] --START--
INFO: Run ReadHtmlCache Behavior [ RunTime:0.000458s ]
INFO: Run CheckLang Behavior [ RunTime:0.000744s ]
INFO: [ app_begin ] --END-- [ RunTime:0.001293s ]
SQL: SHOW COLUMNS FROM `tp_expo` [ RunTime:0.004573s ]
SQL: SELECT `name` FROM `tp_expo` WHERE ( id=1 ) LIMIT 1   [ RunTime:0.000291s ]
SQL: SHOW COLUMNS FROM `tp_company` [ RunTime:0.003945s ]
SQL: SELECT COUNT(*) AS tp_count FROM `tp_company` WHERE ( eid=1 ) LIMIT 1   [ RunTime:0.000291s ]
SQL: SELECT * FROM `tp_company` WHERE ( eid=1 ) ORDER BY id ASC LIMIT 0,15   [ RunTime:0.000422s ]
NOTIC: [8] Undefined index: s I:\project\show\www\Core\Lib\Action\Admin\CompanyAction.class.php Á¨¨ 41 Ë°å.
INFO: [ view_template ] --START--
INFO: Run LocationTemplate Behavior [ RunTime:0.000527s ]
INFO: [ view_template ] --END-- [ RunTime:0.000600s ]
INFO: [ view_parse ] --START--
NOTIC: [8] Undefined index: username I:\project\show\www\Temp\Cache\Admin\e442b9058af050a648228df339415794.php Á¨¨ 90 Ë°å.
NOTIC: [8] Undefined index: username I:\project\show\www\Temp\Cache\Admin\e442b9058af050a648228df339415794.php Á¨¨ 90 Ë°å.
NOTIC: [8] Undefined index: username I:\project\show\www\Temp\Cache\Admin\e442b9058af050a648228df339415794.php Á¨¨ 90 Ë°å.
NOTIC: [8] Undefined index: username I:\project\show\www\Temp\Cache\Admin\e442b9058af050a648228df339415794.php Á¨¨ 90 Ë°å.
NOTIC: [8] Undefined index: username I:\project\show\www\Temp\Cache\Admin\e442b9058af050a648228df339415794.php Á¨¨ 90 Ë°å.
NOTIC: [8] Undefined index: username I:\project\show\www\Temp\Cache\Admin\e442b9058af050a648228df339415794.php Á¨¨ 90 Ë°å.
NOTIC: [8] Undefined index: username I:\project\show\www\Temp\Cache\Admin\e442b9058af050a648228df339415794.php Á¨¨ 90 Ë°å.
NOTIC: [8] Undefined index: username I:\project\show\www\Temp\Cache\Admin\e442b9058af050a648228df339415794.php Á¨¨ 90 Ë°å.
NOTIC: [8] Undefined index: username I:\project\show\www\Temp\Cache\Admin\e442b9058af050a648228df339415794.php Á¨¨ 90 Ë°å.
INFO: Run ParseTemplate Behavior [ RunTime:0.011259s ]
INFO: [ view_parse ] --END-- [ RunTime:0.011337s ]
INFO: [ view_filter ] --START--
INFO: Run ContentReplace Behavior [ RunTime:0.000444s ]
INFO: Run TokenBuild Behavior [ RunTime:0.000382s ]
INFO: Run WriteHtmlCache Behavior [ RunTime:0.000233s ]
INFO: Run ShowRuntime Behavior [ RunTime:0.000383s ]
INFO: [ view_filter ] --END-- [ RunTime:0.001584s ]
INFO: [ view_end ] --START--
INFO: Run ShowPageTrace Behavior [ RunTime:0.000485s ]
INFO: [ view_end ] --END-- [ RunTime:0.000534s ]

[ 2013-06-28T23:34:34+08:00 ] 127.0.0.1 /index.php?s=/Admin/Expo/index
INFO: [ route_check ] --START--
INFO: Run CheckRoute Behavior [ RunTime:0.000623s ]
INFO: [ route_check ] --END-- [ RunTime:0.000705s ]
INFO: [ app_begin ] --START--
INFO: Run ReadHtmlCache Behavior [ RunTime:0.000428s ]
INFO: Run CheckLang Behavior [ RunTime:0.000756s ]
INFO: [ app_begin ] --END-- [ RunTime:0.001279s ]
SQL: SHOW COLUMNS FROM `tp_expo` [ RunTime:0.004044s ]
SQL: SELECT `id`,`name` FROM `tp_expo`  [ RunTime:0.000282s ]
SQL: SHOW COLUMNS FROM `tp_expo` [ RunTime:0.003925s ]
SQL: SELECT COUNT(*) AS tp_count FROM `tp_expo` LIMIT 1   [ RunTime:0.000250s ]
SQL: SELECT * FROM `tp_expo` ORDER BY start DESC LIMIT 0,15   [ RunTime:0.000337s ]
NOTIC: [8] Undefined index: s I:\project\show\www\Core\Lib\Action\Admin\ExpoAction.class.php Á¨¨ 29 Ë°å.
INFO: [ view_template ] --START--
INFO: Run LocationTemplate Behavior [ RunTime:0.000567s ]
INFO: [ view_template ] --END-- [ RunTime:0.000622s ]
INFO: [ view_parse ] --START--
NOTIC: [8] Undefined variable: vo I:\project\show\www\Temp\Cache\Admin\fe70ad21c962f59e48be6203bc84812f.php Á¨¨ 64 Ë°å.
NOTIC: [8] Undefined variable: nowPage I:\project\show\www\Temp\Cache\Admin\fe70ad21c962f59e48be6203bc84812f.php Á¨¨ 64 Ë°å.
NOTIC: [8] Undefined index: username I:\project\show\www\Temp\Cache\Admin\fe70ad21c962f59e48be6203bc84812f.php Á¨¨ 102 Ë°å.
NOTIC: [8] Undefined index: username I:\project\show\www\Temp\Cache\Admin\fe70ad21c962f59e48be6203bc84812f.php Á¨¨ 102 Ë°å.
NOTIC: [8] Undefined index: username I:\project\show\www\Temp\Cache\Admin\fe70ad21c962f59e48be6203bc84812f.php Á¨¨ 102 Ë°å.
INFO: Run ParseTemplate Behavior [ RunTime:0.010711s ]
INFO: [ view_parse ] --END-- [ RunTime:0.010771s ]
INFO: [ view_filter ] --START--
INFO: Run ContentReplace Behavior [ RunTime:0.000373s ]
INFO: Run TokenBuild Behavior [ RunTime:0.000396s ]
INFO: Run WriteHtmlCache Behavior [ RunTime:0.000248s ]
INFO: Run ShowRuntime Behavior [ RunTime:0.000380s ]
INFO: [ view_filter ] --END-- [ RunTime:0.001535s ]
INFO: [ view_end ] --START--
INFO: Run ShowPageTrace Behavior [ RunTime:0.000498s ]
INFO: [ view_end ] --END-- [ RunTime:0.000550s ]

[ 2013-06-28T23:34:46+08:00 ] 127.0.0.1 /index.php?s=/Admin/Expo/search
INFO: [ route_check ] --START--
INFO: Run CheckRoute Behavior [ RunTime:0.000633s ]
INFO: [ route_check ] --END-- [ RunTime:0.000715s ]
INFO: [ app_begin ] --START--
INFO: Run ReadHtmlCache Behavior [ RunTime:0.000420s ]
INFO: Run CheckLang Behavior [ RunTime:0.000768s ]
INFO: [ app_begin ] --END-- [ RunTime:0.001279s ]
SQL: SHOW COLUMNS FROM `tp_expo` [ RunTime:0.003944s ]
SQL: SELECT * FROM `tp_expo` WHERE ( `start` < '2013-07-11' ) AND ( `end` > '2013-07-11' ) ORDER BY start DESC  [ RunTime:0.000512s ]
INFO: [ view_template ] --START--
INFO: Run LocationTemplate Behavior [ RunTime:0.000641s ]
INFO: [ view_template ] --END-- [ RunTime:0.000701s ]
INFO: [ view_parse ] --START--
NOTIC: [8] Undefined variable: vo I:\project\show\www\Temp\Cache\Admin\fe70ad21c962f59e48be6203bc84812f.php Á¨¨ 64 Ë°å.
NOTIC: [8] Undefined variable: nowPage I:\project\show\www\Temp\Cache\Admin\fe70ad21c962f59e48be6203bc84812f.php Á¨¨ 64 Ë°å.
NOTIC: [8] Undefined index: username I:\project\show\www\Temp\Cache\Admin\fe70ad21c962f59e48be6203bc84812f.php Á¨¨ 102 Ë°å.
NOTIC: [8] Undefined variable: page I:\project\show\www\Temp\Cache\Admin\fe70ad21c962f59e48be6203bc84812f.php Á¨¨ 109 Ë°å.
INFO: Run ParseTemplate Behavior [ RunTime:0.010583s ]
INFO: [ view_parse ] --END-- [ RunTime:0.010643s ]
INFO: [ view_filter ] --START--
INFO: Run ContentReplace Behavior [ RunTime:0.000381s ]
INFO: Run TokenBuild Behavior [ RunTime:0.000378s ]
INFO: Run WriteHtmlCache Behavior [ RunTime:0.000234s ]
INFO: Run ShowRuntime Behavior [ RunTime:0.000384s ]
INFO: [ view_filter ] --END-- [ RunTime:0.001524s ]
INFO: [ view_end ] --START--
INFO: Run ShowPageTrace Behavior [ RunTime:0.000468s ]
INFO: [ view_end ] --END-- [ RunTime:0.000531s ]

[ 2013-06-28T23:34:52+08:00 ] 127.0.0.1 /index.php?s=/Admin/Expo/search
INFO: [ route_check ] --START--
INFO: Run CheckRoute Behavior [ RunTime:0.000604s ]
INFO: [ route_check ] --END-- [ RunTime:0.000682s ]
INFO: [ app_begin ] --START--
INFO: Run ReadHtmlCache Behavior [ RunTime:0.000506s ]
INFO: Run CheckLang Behavior [ RunTime:0.000756s ]
INFO: [ app_begin ] --END-- [ RunTime:0.001370s ]
SQL: SHOW COLUMNS FROM `tp_expo` [ RunTime:0.004019s ]
SQL: SELECT * FROM `tp_expo` WHERE ( `start` < '2013-06-28' ) AND ( `end` > '2013-06-28' ) ORDER BY start DESC  [ RunTime:0.000378s ]
INFO: [ view_template ] --START--
INFO: Run LocationTemplate Behavior [ RunTime:0.000639s ]
INFO: [ view_template ] --END-- [ RunTime:0.000693s ]
INFO: [ view_parse ] --START--
NOTIC: [8] Undefined variable: vo I:\project\show\www\Temp\Cache\Admin\fe70ad21c962f59e48be6203bc84812f.php Á¨¨ 64 Ë°å.
NOTIC: [8] Undefined variable: nowPage I:\project\show\www\Temp\Cache\Admin\fe70ad21c962f59e48be6203bc84812f.php Á¨¨ 64 Ë°å.
NOTIC: [8] Undefined index: username I:\project\show\www\Temp\Cache\Admin\fe70ad21c962f59e48be6203bc84812f.php Á¨¨ 102 Ë°å.
NOTIC: [8] Undefined variable: page I:\project\show\www\Temp\Cache\Admin\fe70ad21c962f59e48be6203bc84812f.php Á¨¨ 109 Ë°å.
INFO: Run ParseTemplate Behavior [ RunTime:0.010615s ]
INFO: [ view_parse ] --END-- [ RunTime:0.010676s ]
INFO: [ view_filter ] --START--
INFO: Run ContentReplace Behavior [ RunTime:0.000362s ]
INFO: Run TokenBuild Behavior [ RunTime:0.000382s ]
INFO: Run WriteHtmlCache Behavior [ RunTime:0.000237s ]
INFO: Run ShowRuntime Behavior [ RunTime:0.000374s ]
INFO: [ view_filter ] --END-- [ RunTime:0.001489s ]
INFO: [ view_end ] --START--
INFO: Run ShowPageTrace Behavior [ RunTime:0.000493s ]
INFO: [ view_end ] --END-- [ RunTime:0.000545s ]

[ 2013-06-28T23:34:59+08:00 ] 127.0.0.1 /index.php?s=/Admin/Expo/search
INFO: [ route_check ] --START--
INFO: Run CheckRoute Behavior [ RunTime:0.000716s ]
INFO: [ route_check ] --END-- [ RunTime:0.000804s ]
INFO: [ app_begin ] --START--
INFO: Run ReadHtmlCache Behavior [ RunTime:0.000424s ]
INFO: Run CheckLang Behavior [ RunTime:0.000731s ]
INFO: [ app_begin ] --END-- [ RunTime:0.001243s ]
SQL: SHOW COLUMNS FROM `tp_expo` [ RunTime:0.004052s ]
SQL: SELECT * FROM `tp_expo` WHERE ( `name` LIKE '%‰∏äÊµ∑ÂæÆÂèØÁâπÁîµÂ≠êÁßëÊäÄÊúâÈôêÂÖ¨Âè∏%' ) ORDER BY start DESC  [ RunTime:0.000372s ]
INFO: [ view_template ] --START--
INFO: Run LocationTemplate Behavior [ RunTime:0.000639s ]
INFO: [ view_template ] --END-- [ RunTime:0.000694s ]
INFO: [ view_parse ] --START--
NOTIC: [8] Undefined variable: vo I:\project\show\www\Temp\Cache\Admin\fe70ad21c962f59e48be6203bc84812f.php Á¨¨ 64 Ë°å.
NOTIC: [8] Undefined variable: nowPage I:\project\show\www\Temp\Cache\Admin\fe70ad21c962f59e48be6203bc84812f.php Á¨¨ 64 Ë°å.
NOTIC: [8] Undefined variable: page I:\project\show\www\Temp\Cache\Admin\fe70ad21c962f59e48be6203bc84812f.php Á¨¨ 109 Ë°å.
INFO: Run ParseTemplate Behavior [ RunTime:0.010548s ]
INFO: [ view_parse ] --END-- [ RunTime:0.010608s ]
INFO: [ view_filter ] --START--
INFO: Run ContentReplace Behavior [ RunTime:0.000348s ]
INFO: Run TokenBuild Behavior [ RunTime:0.000365s ]
INFO: Run WriteHtmlCache Behavior [ RunTime:0.000297s ]
INFO: Run ShowRuntime Behavior [ RunTime:0.000377s ]
INFO: [ view_filter ] --END-- [ RunTime:0.001526s ]
INFO: [ view_end ] --START--
INFO: Run ShowPageTrace Behavior [ RunTime:0.000498s ]
INFO: [ view_end ] --END-- [ RunTime:0.000546s ]

[ 2013-06-28T23:35:13+08:00 ] 127.0.0.1 /index.php?s=/Admin/Expo/search
INFO: [ route_check ] --START--
INFO: Run CheckRoute Behavior [ RunTime:0.000639s ]
INFO: [ route_check ] --END-- [ RunTime:0.000727s ]
INFO: [ app_begin ] --START--
INFO: Run ReadHtmlCache Behavior [ RunTime:0.000462s ]
INFO: Run CheckLang Behavior [ RunTime:0.000732s ]
INFO: [ app_begin ] --END-- [ RunTime:0.001283s ]
SQL: SHOW COLUMNS FROM `tp_expo` [ RunTime:0.003852s ]
SQL: SELECT * FROM `tp_expo` WHERE ( `name` LIKE '%ÁúºÈïú‰∏öÂ±ï%' ) ORDER BY start DESC  [ RunTime:0.000429s ]
INFO: [ view_template ] --START--
INFO: Run LocationTemplate Behavior [ RunTime:0.000622s ]
INFO: [ view_template ] --END-- [ RunTime:0.000679s ]
INFO: [ view_parse ] --START--
NOTIC: [8] Undefined variable: vo I:\project\show\www\Temp\Cache\Admin\fe70ad21c962f59e48be6203bc84812f.php Á¨¨ 64 Ë°å.
NOTIC: [8] Undefined variable: nowPage I:\project\show\www\Temp\Cache\Admin\fe70ad21c962f59e48be6203bc84812f.php Á¨¨ 64 Ë°å.
NOTIC: [8] Undefined index: username I:\project\show\www\Temp\Cache\Admin\fe70ad21c962f59e48be6203bc84812f.php Á¨¨ 102 Ë°å.
NOTIC: [8] Undefined index: username I:\project\show\www\Temp\Cache\Admin\fe70ad21c962f59e48be6203bc84812f.php Á¨¨ 102 Ë°å.
NOTIC: [8] Undefined index: username I:\project\show\www\Temp\Cache\Admin\fe70ad21c962f59e48be6203bc84812f.php Á¨¨ 102 Ë°å.
NOTIC: [8] Undefined variable: page I:\project\show\www\Temp\Cache\Admin\fe70ad21c962f59e48be6203bc84812f.php Á¨¨ 109 Ë°å.
INFO: Run ParseTemplate Behavior [ RunTime:0.011092s ]
INFO: [ view_parse ] --END-- [ RunTime:0.011174s ]
INFO: [ view_filter ] --START--
INFO: Run ContentReplace Behavior [ RunTime:0.000380s ]
INFO: Run TokenBuild Behavior [ RunTime:0.000384s ]
INFO: Run WriteHtmlCache Behavior [ RunTime:0.000258s ]
INFO: Run ShowRuntime Behavior [ RunTime:0.000384s ]
INFO: [ view_filter ] --END-- [ RunTime:0.001544s ]
INFO: [ view_end ] --START--
INFO: Run ShowPageTrace Behavior [ RunTime:0.000478s ]
INFO: [ view_end ] --END-- [ RunTime:0.000528s ]

